<?xml version="1.0" encoding="UTF-8"?>
<!-- Generated by org.testng.reporters.JUnitReportReporter -->
<testsuite hostname="DESKTOP-HC30G76" failures="0" tests="1" name="cart1.any" time="3.510" errors="0" timestamp="2023-12-27T15:37:54 EET" skipped="0">
  <testcase classname="cart1.any" name="buyAllItemsAndCheckout" time="3.510"/>
</testsuite> <!-- cart1.any -->
