<?xml version="1.0" encoding="UTF-8"?>
<!-- Generated by org.testng.reporters.JUnitReportReporter -->
<testsuite hostname="DESKTOP-HC30G76" failures="0" tests="2" name="cart1.AddAndRemoveItemsInTheSecondRow" time="2.558" errors="0" timestamp="2023-12-29T14:34:35 EET" skipped="0">
  <testcase classname="cart1.AddAndRemoveItemsInTheSecondRow" name="buySelectedItems" time="2.201"/>
  <testcase classname="cart1.AddAndRemoveItemsInTheSecondRow" name="removeItemsFromCart" time="0.357"/>
</testsuite> <!-- cart1.AddAndRemoveItemsInTheSecondRow -->
