<?xml version="1.0" encoding="UTF-8"?>
<!-- Generated by org.testng.reporters.JUnitReportReporter -->
<testsuite hostname="DESKTOP-HC30G76" failures="0" tests="1" name="cart1.AssSection9" time="5.648" errors="0" timestamp="2023-12-28T03:34:36 EET" skipped="0">
  <testcase classname="cart1.AssSection9" name="buyAllItemsAndCheckout" time="5.648"/>
</testsuite> <!-- cart1.AssSection9 -->
