<?xml version="1.0" encoding="UTF-8"?>
<!-- Generated by org.testng.reporters.JUnitReportReporter -->
<testsuite hostname="DESKTOP-HC30G76" failures="0" tests="1" name="cart1.BuySelectedItems" time="1.892" errors="0" timestamp="2023-12-28T20:48:53 EET" skipped="0">
  <testcase classname="cart1.BuySelectedItems" name="buySelectedItems" time="1.892"/>
</testsuite> <!-- cart1.BuySelectedItems -->
