<?xml version="1.0" encoding="UTF-8"?>
<!-- Generated by org.testng.reporters.JUnitReportReporter -->
<testsuite hostname="DESKTOP-HC30G76" failures="0" tests="1" name="cart1.AddItemsInTheSecondRow" time="2.330" errors="0" timestamp="2023-12-29T14:20:09 EET" skipped="0">
  <testcase classname="cart1.AddItemsInTheSecondRow" name="buySelectedItems" time="2.330"/>
</testsuite> <!-- cart1.AddItemsInTheSecondRow -->
