<?xml version="1.0" encoding="UTF-8"?>
<!-- Generated by org.testng.reporters.JUnitReportReporter -->
<testsuite hostname="DESKTOP-HC30G76" failures="0" tests="1" name="cart1.FindMostExpensiveItem" time="2.526" errors="0" timestamp="2023-12-28T22:14:09 EET" skipped="0">
  <testcase classname="cart1.FindMostExpensiveItem" name="findAndAddMostExpensiveItemToCart" time="2.526"/>
</testsuite> <!-- cart1.FindMostExpensiveItem -->
